{"C:\\Users\\PavanKumar\\OneDrive - Mastech Digital\\Documents\\AIPOC\\MDMREPO\\step-config\\BusinessRule\\BusinessRule_BA_CopyHousingColorToHousingMaterial.js": {"path":"C:\\Users\\PavanKumar\\OneDrive - Mastech Digital\\Documents\\AIPOC\\MDMREPO\\step-config\\BusinessRule\\BusinessRule_BA_CopyHousingColorToHousingMaterial.js","statementMap":{"0":{"start":{"line":43,"column":0},"end":{"line":72,"column":2}},"1":{"start":{"line":44,"column":14},"end":{"line":44,"column":20}},"2":{"start":{"line":47,"column":4},"end":{"line":49,"column":5}},"3":{"start":{"line":48,"column":6},"end":{"line":48,"column":26}},"4":{"start":{"line":52,"column":21},"end":{"line":52,"column":35}},"5":{"start":{"line":53,"column":21},"end":{"line":53,"column":38}},"6":{"start":{"line":55,"column":2},"end":{"line":55,"column":97}},"7":{"start":{"line":57,"column":20},"end":{"line":57,"column":64}},"8":{"start":{"line":58,"column":2},"end":{"line":58,"column":104}},"9":{"start":{"line":60,"column":2},"end":{"line":64,"column":3}},"10":{"start":{"line":61,"column":4},"end":{"line":61,"column":113}},"11":{"start":{"line":62,"column":4},"end":{"line":62,"column":19}},"12":{"start":{"line":63,"column":4},"end":{"line":63,"column":11}},"13":{"start":{"line":66,"column":2},"end":{"line":66,"column":58}},"14":{"start":{"line":67,"column":2},"end":{"line":67,"column":46}},"15":{"start":{"line":68,"column":2},"end":{"line":68,"column":139}},"16":{"start":{"line":70,"column":2},"end":{"line":70,"column":17}},"17":{"start":{"line":71,"column":2},"end":{"line":71,"column":104}}},"fnMap":{"0":{"name":"(anonymous_0)","decl":{"start":{"line":43,"column":21},"end":{"line":43,"column":22}},"loc":{"start":{"line":43,"column":45},"end":{"line":72,"column":1}},"line":43},"1":{"name":"p","decl":{"start":{"line":46,"column":11},"end":{"line":46,"column":12}},"loc":{"start":{"line":46,"column":29},"end":{"line":50,"column":3}},"line":46}},"branchMap":{"0":{"loc":{"start":{"line":47,"column":4},"end":{"line":49,"column":5}},"type":"if","locations":[{"start":{"line":47,"column":4},"end":{"line":49,"column":5}},{"start":{},"end":{}}],"line":47},"1":{"loc":{"start":{"line":60,"column":2},"end":{"line":64,"column":3}},"type":"if","locations":[{"start":{"line":60,"column":2},"end":{"line":64,"column":3}},{"start":{},"end":{}}],"line":60},"2":{"loc":{"start":{"line":60,"column":6},"end":{"line":60,"column":48}},"type":"binary-expr","locations":[{"start":{"line":60,"column":6},"end":{"line":60,"column":26}},{"start":{"line":60,"column":30},"end":{"line":60,"column":48}}],"line":60}},"s":{"0":1,"1":3,"2":10,"3":10,"4":3,"5":3,"6":3,"7":3,"8":3,"9":3,"10":2,"11":2,"12":2,"13":1,"14":1,"15":1,"16":1,"17":1},"f":{"0":3,"1":10},"b":{"0":[10,0],"1":[2,1],"2":[3,2]},"_coverageSchema":"1a1c01bbd47fc00a2c39e90264f33305004495a9","hash":"5b09dfc87bbab2d42dfb36c4a42f7c10f5c1b394"}
}
